{"/Users/corinanimatujhuitz/Documents/capacitacion/proyecto-final-hospital/backend/src/app.ts": {"path":"/Users/corinanimatujhuitz/Documents/capacitacion/proyecto-final-hospital/backend/src/app.ts","statementMap":{"0":{"start":{"line":1,"column":0},"end":{"line":1,"column":30}},"1":{"start":{"line":2,"column":0},"end":{"line":2,"column":24}},"2":{"start":{"line":3,"column":0},"end":{"line":3,"column":37}},"3":{"start":{"line":4,"column":0},"end":{"line":4,"column":28}},"4":{"start":{"line":5,"column":0},"end":{"line":5,"column":30}},"5":{"start":{"line":7,"column":12},"end":{"line":7,"column":21}},"6":{"start":{"line":8,"column":0},"end":{"line":8,"column":18}},"7":{"start":{"line":9,"column":0},"end":{"line":9,"column":27}},"8":{"start":{"line":10,"column":0},"end":{"line":10,"column":49}},"9":{"start":{"line":11,"column":0},"end":{"line":11,"column":16}},"10":{"start":{"line":12,"column":0},"end":{"line":12,"column":24}},"11":{"start":{"line":14,"column":0},"end":{"line":14,"column":12}},"12":{"start":{"line":16,"column":0},"end":{"line":16,"column":19}}},"fnMap":{},"branchMap":{},"s":{"0":4,"1":4,"2":4,"3":4,"4":4,"5":4,"6":4,"7":4,"8":4,"9":4,"10":4,"11":4,"12":4},"f":{},"b":{}}
,"/Users/corinanimatujhuitz/Documents/capacitacion/proyecto-final-hospital/backend/src/error.ts": {"path":"/Users/corinanimatujhuitz/Documents/capacitacion/proyecto-final-hospital/backend/src/error.ts","statementMap":{"0":{"start":{"line":2,"column":0},"end":{"line":2,"column":53}},"1":{"start":{"line":8,"column":2},"end":{"line":8,"column":10}},"2":{"start":{"line":5,"column":1},"end":{"line":5,"column":16}},"3":{"start":{"line":9,"column":2},"end":{"line":9,"column":31}},"4":{"start":{"line":10,"column":2},"end":{"line":10,"column":25}},"5":{"start":{"line":4,"column":0},"end":{"line":4,"column":13}},"6":{"start":{"line":14,"column":27},"end":{"line":27,"column":1}},"7":{"start":{"line":19,"column":33},"end":{"line":19,"column":36}},"8":{"start":{"line":20,"column":16},"end":{"line":20,"column":37}},"9":{"start":{"line":21,"column":1},"end":{"line":26,"column":null}},"10":{"start":{"line":14,"column":13},"end":{"line":14,"column":27}}},"fnMap":{"0":{"name":"(anonymous_0)","decl":{"start":{"line":7,"column":1},"end":{"line":7,"column":13}},"loc":{"start":{"line":7,"column":48},"end":{"line":11,"column":2}}},"1":{"name":"(anonymous_1)","decl":{"start":{"line":14,"column":27},"end":{"line":14,"column":null}},"loc":{"start":{"line":18,"column":9},"end":{"line":27,"column":1}}}},"branchMap":{"0":{"loc":{"start":{"line":25,"column":30},"end":{"line":25,"column":44}},"type":"cond-expr","locations":[{"start":{"line":25,"column":30},"end":{"line":25,"column":44}},{"start":{"line":25,"column":47},"end":{"line":25,"column":51}}]}},"s":{"0":4,"1":9,"2":9,"3":9,"4":9,"5":4,"6":4,"7":9,"8":9,"9":9,"10":4},"f":{"0":9,"1":9},"b":{"0":[2,7]}}
,"/Users/corinanimatujhuitz/Documents/capacitacion/proyecto-final-hospital/backend/src/routes.ts": {"path":"/Users/corinanimatujhuitz/Documents/capacitacion/proyecto-final-hospital/backend/src/routes.ts","statementMap":{"0":{"start":{"line":2,"column":0},"end":{"line":2,"column":64}},"1":{"start":{"line":3,"column":0},"end":{"line":3,"column":60}},"2":{"start":{"line":4,"column":0},"end":{"line":4,"column":64}},"3":{"start":{"line":5,"column":0},"end":{"line":5,"column":68}},"4":{"start":{"line":6,"column":0},"end":{"line":6,"column":60}},"5":{"start":{"line":8,"column":15},"end":{"line":15,"column":1}},"6":{"start":{"line":9,"column":1},"end":{"line":9,"column":42}},"7":{"start":{"line":10,"column":1},"end":{"line":10,"column":38}},"8":{"start":{"line":11,"column":1},"end":{"line":11,"column":42}},"9":{"start":{"line":12,"column":1},"end":{"line":12,"column":46}},"10":{"start":{"line":13,"column":1},"end":{"line":13,"column":38}},"11":{"start":{"line":17,"column":0},"end":{"line":17,"column":22}}},"fnMap":{"0":{"name":"(anonymous_1)","decl":{"start":{"line":8,"column":15},"end":{"line":8,"column":16}},"loc":{"start":{"line":8,"column":39},"end":{"line":15,"column":1}}}},"branchMap":{},"s":{"0":4,"1":4,"2":4,"3":4,"4":4,"5":4,"6":4,"7":4,"8":4,"9":4,"10":4,"11":4},"f":{"0":4},"b":{}}
,"/Users/corinanimatujhuitz/Documents/capacitacion/proyecto-final-hospital/backend/src/controllers/auth.controller.ts": {"path":"/Users/corinanimatujhuitz/Documents/capacitacion/proyecto-final-hospital/backend/src/controllers/auth.controller.ts","statementMap":{"0":{"start":{"line":1,"column":0},"end":{"line":1,"column":50}},"1":{"start":{"line":2,"column":0},"end":{"line":2,"column":30}},"2":{"start":{"line":3,"column":0},"end":{"line":3,"column":31}},"3":{"start":{"line":6,"column":0},"end":{"line":6,"column":28}},"4":{"start":{"line":7,"column":0},"end":{"line":7,"column":34}},"5":{"start":{"line":9,"column":0},"end":{"line":9,"column":53}},"6":{"start":{"line":10,"column":0},"end":{"line":10,"column":75}},"7":{"start":{"line":11,"column":0},"end":{"line":11,"column":58}},"8":{"start":{"line":12,"column":0},"end":{"line":12,"column":55}},"9":{"start":{"line":14,"column":15},"end":{"line":14,"column":23}},"10":{"start":{"line":16,"column":0},"end":{"line":51,"column":3}},"11":{"start":{"line":16,"column":88},"end":{"line":51,"column":2}},"12":{"start":{"line":17,"column":27},"end":{"line":17,"column":35}},"13":{"start":{"line":18,"column":1},"end":{"line":50,"column":null}},"14":{"start":{"line":20,"column":13},"end":{"line":20,"column":40}},"15":{"start":{"line":21,"column":2},"end":{"line":44,"column":null}},"16":{"start":{"line":22,"column":19},"end":{"line":22,"column":64}},"17":{"start":{"line":23,"column":3},"end":{"line":26,"column":null}},"18":{"start":{"line":24,"column":19},"end":{"line":24,"column":63}},"19":{"start":{"line":25,"column":4},"end":{"line":25,"column":34}},"20":{"start":{"line":28,"column":19},"end":{"line":32,"column":null}},"21":{"start":{"line":34,"column":3},"end":{"line":39,"column":6}},"22":{"start":{"line":35,"column":4},"end":{"line":35,"column":22}},"23":{"start":{"line":35,"column":12},"end":{"line":35,"column":22}},"24":{"start":{"line":36,"column":4},"end":{"line":36,"column":20}},"25":{"start":{"line":37,"column":4},"end":{"line":37,"column":22}},"26":{"start":{"line":42,"column":18},"end":{"line":42,"column":55}},"27":{"start":{"line":43,"column":3},"end":{"line":43,"column":33}},"28":{"start":{"line":48,"column":20},"end":{"line":48,"column":57}},"29":{"start":{"line":49,"column":5},"end":{"line":49,"column":35}},"30":{"start":{"line":53,"column":0},"end":{"line":75,"column":3}},"31":{"start":{"line":53,"column":63},"end":{"line":75,"column":2}},"32":{"start":{"line":54,"column":1},"end":{"line":74,"column":null}},"33":{"start":{"line":55,"column":17},"end":{"line":55,"column":36}},"34":{"start":{"line":57,"column":2},"end":{"line":67,"column":null}},"35":{"start":{"line":58,"column":16},"end":{"line":58,"column":57}},"36":{"start":{"line":60,"column":3},"end":{"line":63,"column":6}},"37":{"start":{"line":65,"column":18},"end":{"line":65,"column":60}},"38":{"start":{"line":66,"column":6},"end":{"line":66,"column":36}},"39":{"start":{"line":70,"column":17},"end":{"line":70,"column":71}},"40":{"start":{"line":71,"column":2},"end":{"line":71,"column":19}},"41":{"start":{"line":73,"column":2},"end":{"line":73,"column":32}},"42":{"start":{"line":77,"column":0},"end":{"line":77,"column":22}}},"fnMap":{"0":{"name":"(anonymous_8)","decl":{"start":{"line":16,"column":53},"end":{"line":16,"column":59}},"loc":{"start":{"line":16,"column":88},"end":{"line":51,"column":2}}},"1":{"name":"(anonymous_9)","decl":{"start":{"line":16,"column":88},"end":{"line":16,"column":null}},"loc":{"start":{"line":16,"column":88},"end":{"line":51,"column":1}}},"2":{"name":"(anonymous_10)","decl":{"start":{"line":34,"column":66},"end":{"line":34,"column":67}},"loc":{"start":{"line":34,"column":80},"end":{"line":39,"column":4}}},"3":{"name":"(anonymous_11)","decl":{"start":{"line":53,"column":28},"end":{"line":53,"column":34}},"loc":{"start":{"line":53,"column":63},"end":{"line":75,"column":2}}},"4":{"name":"(anonymous_12)","decl":{"start":{"line":53,"column":63},"end":{"line":53,"column":null}},"loc":{"start":{"line":53,"column":63},"end":{"line":75,"column":1}}}},"branchMap":{"0":{"loc":{"start":{"line":21,"column":2},"end":{"line":44,"column":null}},"type":"if","locations":[{"start":{"line":21,"column":2},"end":{"line":44,"column":null}},{"start":{"line":21,"column":2},"end":{"line":44,"column":null}}]},"1":{"loc":{"start":{"line":23,"column":3},"end":{"line":26,"column":null}},"type":"if","locations":[{"start":{"line":23,"column":3},"end":{"line":26,"column":null}},{"start":{"line":23,"column":3},"end":{"line":26,"column":null}}]},"2":{"loc":{"start":{"line":35,"column":4},"end":{"line":35,"column":22}},"type":"if","locations":[{"start":{"line":35,"column":4},"end":{"line":35,"column":22}},{"start":{"line":35,"column":4},"end":{"line":35,"column":22}}]},"3":{"loc":{"start":{"line":55,"column":31},"end":{"line":55,"column":33}},"type":"cond-expr","locations":[{"start":{"line":55,"column":31},"end":{"line":55,"column":33}},{"start":{"line":55,"column":31},"end":{"line":55,"column":35}}]},"4":{"loc":{"start":{"line":55,"column":23},"end":{"line":55,"column":33}},"type":"binary-expr","locations":[{"start":{"line":55,"column":23},"end":{"line":55,"column":33}},{"start":{"line":55,"column":31},"end":{"line":55,"column":33}}]},"5":{"loc":{"start":{"line":57,"column":2},"end":{"line":67,"column":null}},"type":"if","locations":[{"start":{"line":57,"column":2},"end":{"line":67,"column":null}},{"start":{"line":57,"column":2},"end":{"line":67,"column":null}}]}},"s":{"0":4,"1":4,"2":4,"3":4,"4":4,"5":4,"6":4,"7":4,"8":4,"9":4,"10":4,"11":3,"12":3,"13":3,"14":3,"15":3,"16":2,"17":2,"18":1,"19":1,"20":2,"21":2,"22":2,"23":0,"24":2,"25":2,"26":1,"27":1,"28":0,"29":0,"30":4,"31":1,"32":1,"33":1,"34":1,"35":1,"36":1,"37":0,"38":0,"39":0,"40":0,"41":0,"42":4},"f":{"0":3,"1":3,"2":2,"3":1,"4":1},"b":{"0":[2,1],"1":[1,1],"2":[0,2],"3":[0,1],"4":[1,1],"5":[1,0]}}
,"/Users/corinanimatujhuitz/Documents/capacitacion/proyecto-final-hospital/backend/src/controllers/doctor.controller.ts": {"path":"/Users/corinanimatujhuitz/Documents/capacitacion/proyecto-final-hospital/backend/src/controllers/doctor.controller.ts","statementMap":{"0":{"start":{"line":1,"column":0},"end":{"line":1,"column":52}},"1":{"start":{"line":2,"column":0},"end":{"line":2,"column":53}},"2":{"start":{"line":3,"column":0},"end":{"line":3,"column":55}},"3":{"start":{"line":4,"column":0},"end":{"line":4,"column":38}},"4":{"start":{"line":5,"column":0},"end":{"line":5,"column":76}},"5":{"start":{"line":6,"column":0},"end":{"line":6,"column":74}},"6":{"start":{"line":7,"column":0},"end":{"line":7,"column":58}},"7":{"start":{"line":9,"column":15},"end":{"line":9,"column":23}},"8":{"start":{"line":11,"column":0},"end":{"line":51,"column":2}},"9":{"start":{"line":16,"column":37},"end":{"line":50,"column":null}},"10":{"start":{"line":18,"column":2},"end":{"line":49,"column":null}},"11":{"start":{"line":26,"column":7},"end":{"line":26,"column":15}},"12":{"start":{"line":28,"column":21},"end":{"line":35,"column":5}},"13":{"start":{"line":37,"column":18},"end":{"line":37,"column":40}},"14":{"start":{"line":39,"column":3},"end":{"line":42,"column":6}},"15":{"start":{"line":45,"column":18},"end":{"line":45,"column":72}},"16":{"start":{"line":46,"column":3},"end":{"line":46,"column":20}},"17":{"start":{"line":48,"column":3},"end":{"line":48,"column":33}},"18":{"start":{"line":53,"column":0},"end":{"line":104,"column":2}},"19":{"start":{"line":58,"column":37},"end":{"line":103,"column":null}},"20":{"start":{"line":60,"column":2},"end":{"line":102,"column":null}},"21":{"start":{"line":68,"column":7},"end":{"line":68,"column":15}},"22":{"start":{"line":69,"column":27},"end":{"line":69,"column":29}},"23":{"start":{"line":71,"column":3},"end":{"line":71,"column":37}},"24":{"start":{"line":71,"column":12},"end":{"line":71,"column":37}},"25":{"start":{"line":72,"column":3},"end":{"line":72,"column":40}},"26":{"start":{"line":72,"column":13},"end":{"line":72,"column":40}},"27":{"start":{"line":73,"column":3},"end":{"line":73,"column":40}},"28":{"start":{"line":73,"column":13},"end":{"line":73,"column":40}},"29":{"start":{"line":74,"column":3},"end":{"line":74,"column":55}},"30":{"start":{"line":74,"column":18},"end":{"line":74,"column":55}},"31":{"start":{"line":75,"column":3},"end":{"line":75,"column":43}},"32":{"start":{"line":75,"column":14},"end":{"line":75,"column":43}},"33":{"start":{"line":76,"column":3},"end":{"line":76,"column":52}},"34":{"start":{"line":76,"column":17},"end":{"line":76,"column":52}},"35":{"start":{"line":78,"column":16},"end":{"line":78,"column":52}},"36":{"start":{"line":80,"column":3},"end":{"line":84,"column":null}},"37":{"start":{"line":81,"column":19},"end":{"line":81,"column":61}},"38":{"start":{"line":82,"column":7},"end":{"line":82,"column":37}},"39":{"start":{"line":83,"column":7},"end":{"line":83,"column":14}},"40":{"start":{"line":86,"column":4},"end":{"line":90,"column":27}},"41":{"start":{"line":92,"column":3},"end":{"line":95,"column":6}},"42":{"start":{"line":98,"column":18},"end":{"line":98,"column":72}},"43":{"start":{"line":99,"column":3},"end":{"line":99,"column":20}},"44":{"start":{"line":101,"column":3},"end":{"line":101,"column":33}},"45":{"start":{"line":106,"column":0},"end":{"line":124,"column":2}},"46":{"start":{"line":109,"column":37},"end":{"line":123,"column":null}},"47":{"start":{"line":110,"column":2},"end":{"line":122,"column":null}},"48":{"start":{"line":111,"column":19},"end":{"line":111,"column":81}},"49":{"start":{"line":113,"column":3},"end":{"line":116,"column":6}},"50":{"start":{"line":118,"column":18},"end":{"line":118,"column":72}},"51":{"start":{"line":119,"column":3},"end":{"line":119,"column":20}},"52":{"start":{"line":121,"column":3},"end":{"line":121,"column":33}},"53":{"start":{"line":126,"column":0},"end":{"line":151,"column":2}},"54":{"start":{"line":129,"column":37},"end":{"line":150,"column":null}},"55":{"start":{"line":130,"column":2},"end":{"line":149,"column":null}},"56":{"start":{"line":131,"column":14},"end":{"line":131,"column":27}},"57":{"start":{"line":132,"column":18},"end":{"line":132,"column":43}},"58":{"start":{"line":133,"column":3},"end":{"line":137,"column":null}},"59":{"start":{"line":134,"column":19},"end":{"line":134,"column":61}},"60":{"start":{"line":135,"column":7},"end":{"line":135,"column":37}},"61":{"start":{"line":136,"column":7},"end":{"line":136,"column":14}},"62":{"start":{"line":139,"column":6},"end":{"line":139,"column":41}},"63":{"start":{"line":140,"column":3},"end":{"line":143,"column":6}},"64":{"start":{"line":145,"column":18},"end":{"line":145,"column":72}},"65":{"start":{"line":146,"column":3},"end":{"line":146,"column":20}},"66":{"start":{"line":148,"column":3},"end":{"line":148,"column":33}},"67":{"start":{"line":153,"column":0},"end":{"line":153,"column":22}}},"fnMap":{"0":{"name":"(anonymous_8)","decl":{"start":{"line":16,"column":1},"end":{"line":16,"column":7}},"loc":{"start":{"line":16,"column":37},"end":{"line":50,"column":null}}},"1":{"name":"(anonymous_9)","decl":{"start":{"line":16,"column":37},"end":{"line":16,"column":null}},"loc":{"start":{"line":16,"column":37},"end":{"line":50,"column":2}}},"2":{"name":"(anonymous_10)","decl":{"start":{"line":58,"column":1},"end":{"line":58,"column":7}},"loc":{"start":{"line":58,"column":37},"end":{"line":103,"column":null}}},"3":{"name":"(anonymous_11)","decl":{"start":{"line":58,"column":37},"end":{"line":58,"column":null}},"loc":{"start":{"line":58,"column":37},"end":{"line":103,"column":2}}},"4":{"name":"(anonymous_12)","decl":{"start":{"line":109,"column":1},"end":{"line":109,"column":7}},"loc":{"start":{"line":109,"column":37},"end":{"line":123,"column":null}}},"5":{"name":"(anonymous_13)","decl":{"start":{"line":109,"column":37},"end":{"line":109,"column":null}},"loc":{"start":{"line":109,"column":37},"end":{"line":123,"column":2}}},"6":{"name":"(anonymous_14)","decl":{"start":{"line":129,"column":1},"end":{"line":129,"column":7}},"loc":{"start":{"line":129,"column":37},"end":{"line":150,"column":null}}},"7":{"name":"(anonymous_15)","decl":{"start":{"line":129,"column":37},"end":{"line":129,"column":null}},"loc":{"start":{"line":129,"column":37},"end":{"line":150,"column":2}}}},"branchMap":{"0":{"loc":{"start":{"line":71,"column":3},"end":{"line":71,"column":37}},"type":"if","locations":[{"start":{"line":71,"column":3},"end":{"line":71,"column":37}},{"start":{"line":71,"column":3},"end":{"line":71,"column":37}}]},"1":{"loc":{"start":{"line":72,"column":3},"end":{"line":72,"column":40}},"type":"if","locations":[{"start":{"line":72,"column":3},"end":{"line":72,"column":40}},{"start":{"line":72,"column":3},"end":{"line":72,"column":40}}]},"2":{"loc":{"start":{"line":73,"column":3},"end":{"line":73,"column":40}},"type":"if","locations":[{"start":{"line":73,"column":3},"end":{"line":73,"column":40}},{"start":{"line":73,"column":3},"end":{"line":73,"column":40}}]},"3":{"loc":{"start":{"line":74,"column":3},"end":{"line":74,"column":55}},"type":"if","locations":[{"start":{"line":74,"column":3},"end":{"line":74,"column":55}},{"start":{"line":74,"column":3},"end":{"line":74,"column":55}}]},"4":{"loc":{"start":{"line":75,"column":3},"end":{"line":75,"column":43}},"type":"if","locations":[{"start":{"line":75,"column":3},"end":{"line":75,"column":43}},{"start":{"line":75,"column":3},"end":{"line":75,"column":43}}]},"5":{"loc":{"start":{"line":76,"column":3},"end":{"line":76,"column":52}},"type":"if","locations":[{"start":{"line":76,"column":3},"end":{"line":76,"column":52}},{"start":{"line":76,"column":3},"end":{"line":76,"column":52}}]},"6":{"loc":{"start":{"line":80,"column":3},"end":{"line":84,"column":null}},"type":"if","locations":[{"start":{"line":80,"column":3},"end":{"line":84,"column":null}},{"start":{"line":80,"column":3},"end":{"line":84,"column":null}}]},"7":{"loc":{"start":{"line":133,"column":3},"end":{"line":137,"column":null}},"type":"if","locations":[{"start":{"line":133,"column":3},"end":{"line":137,"column":null}},{"start":{"line":133,"column":3},"end":{"line":137,"column":null}}]}},"s":{"0":4,"1":4,"2":4,"3":4,"4":4,"5":4,"6":4,"7":4,"8":4,"9":1,"10":1,"11":1,"12":1,"13":1,"14":1,"15":0,"16":0,"17":0,"18":4,"19":2,"20":2,"21":2,"22":2,"23":2,"24":2,"25":2,"26":2,"27":2,"28":2,"29":2,"30":2,"31":2,"32":2,"33":2,"34":2,"35":2,"36":2,"37":1,"38":1,"39":1,"40":1,"41":1,"42":0,"43":0,"44":0,"45":4,"46":1,"47":1,"48":1,"49":1,"50":0,"51":0,"52":0,"53":4,"54":2,"55":2,"56":2,"57":2,"58":2,"59":1,"60":1,"61":1,"62":1,"63":1,"64":0,"65":0,"66":0,"67":4},"f":{"0":1,"1":1,"2":2,"3":2,"4":1,"5":1,"6":2,"7":2},"b":{"0":[2,0],"1":[2,0],"2":[2,0],"3":[2,0],"4":[2,0],"5":[2,0],"6":[1,1],"7":[1,1]}}
,"/Users/corinanimatujhuitz/Documents/capacitacion/proyecto-final-hospital/backend/src/controllers/health.controller.ts": {"path":"/Users/corinanimatujhuitz/Documents/capacitacion/proyecto-final-hospital/backend/src/controllers/health.controller.ts","statementMap":{"0":{"start":{"line":1,"column":0},"end":{"line":1,"column":51}},"1":{"start":{"line":2,"column":0},"end":{"line":2,"column":28}},"2":{"start":{"line":4,"column":13},"end":{"line":4,"column":31}},"3":{"start":{"line":5,"column":15},"end":{"line":5,"column":31}},"4":{"start":{"line":7,"column":0},"end":{"line":13,"column":3}},"5":{"start":{"line":8,"column":1},"end":{"line":12,"column":4}},"6":{"start":{"line":15,"column":0},"end":{"line":15,"column":22}}},"fnMap":{"0":{"name":"(anonymous_1)","decl":{"start":{"line":7,"column":16},"end":{"line":7,"column":17}},"loc":{"start":{"line":7,"column":48},"end":{"line":13,"column":1}}}},"branchMap":{},"s":{"0":4,"1":4,"2":4,"3":4,"4":4,"5":1,"6":4},"f":{"0":1},"b":{}}
,"/Users/corinanimatujhuitz/Documents/capacitacion/proyecto-final-hospital/backend/src/controllers/hospital.controller.ts": {"path":"/Users/corinanimatujhuitz/Documents/capacitacion/proyecto-final-hospital/backend/src/controllers/hospital.controller.ts","statementMap":{"0":{"start":{"line":1,"column":0},"end":{"line":1,"column":52}},"1":{"start":{"line":2,"column":0},"end":{"line":2,"column":53}},"2":{"start":{"line":3,"column":0},"end":{"line":3,"column":55}},"3":{"start":{"line":4,"column":0},"end":{"line":4,"column":42}},"4":{"start":{"line":5,"column":0},"end":{"line":5,"column":78}},"5":{"start":{"line":6,"column":0},"end":{"line":6,"column":76}},"6":{"start":{"line":7,"column":0},"end":{"line":7,"column":58}},"7":{"start":{"line":9,"column":15},"end":{"line":9,"column":23}},"8":{"start":{"line":11,"column":0},"end":{"line":45,"column":2}},"9":{"start":{"line":16,"column":37},"end":{"line":44,"column":null}},"10":{"start":{"line":18,"column":2},"end":{"line":43,"column":null}},"11":{"start":{"line":23,"column":7},"end":{"line":23,"column":15}},"12":{"start":{"line":25,"column":23},"end":{"line":29,"column":5}},"13":{"start":{"line":31,"column":20},"end":{"line":31,"column":44}},"14":{"start":{"line":33,"column":3},"end":{"line":36,"column":6}},"15":{"start":{"line":39,"column":18},"end":{"line":39,"column":72}},"16":{"start":{"line":40,"column":3},"end":{"line":40,"column":20}},"17":{"start":{"line":42,"column":3},"end":{"line":42,"column":33}},"18":{"start":{"line":47,"column":0},"end":{"line":93,"column":2}},"19":{"start":{"line":52,"column":37},"end":{"line":92,"column":null}},"20":{"start":{"line":54,"column":2},"end":{"line":91,"column":null}},"21":{"start":{"line":59,"column":7},"end":{"line":59,"column":15}},"22":{"start":{"line":60,"column":29},"end":{"line":60,"column":31}},"23":{"start":{"line":62,"column":3},"end":{"line":62,"column":39}},"24":{"start":{"line":62,"column":12},"end":{"line":62,"column":39}},"25":{"start":{"line":63,"column":3},"end":{"line":63,"column":42}},"26":{"start":{"line":63,"column":13},"end":{"line":63,"column":42}},"27":{"start":{"line":64,"column":3},"end":{"line":64,"column":45}},"28":{"start":{"line":64,"column":14},"end":{"line":64,"column":45}},"29":{"start":{"line":66,"column":18},"end":{"line":66,"column":56}},"30":{"start":{"line":68,"column":3},"end":{"line":72,"column":null}},"31":{"start":{"line":69,"column":19},"end":{"line":69,"column":63}},"32":{"start":{"line":70,"column":7},"end":{"line":70,"column":37}},"33":{"start":{"line":71,"column":7},"end":{"line":71,"column":14}},"34":{"start":{"line":75,"column":4},"end":{"line":79,"column":5}},"35":{"start":{"line":81,"column":3},"end":{"line":84,"column":6}},"36":{"start":{"line":87,"column":18},"end":{"line":87,"column":72}},"37":{"start":{"line":88,"column":3},"end":{"line":88,"column":20}},"38":{"start":{"line":90,"column":3},"end":{"line":90,"column":33}},"39":{"start":{"line":95,"column":0},"end":{"line":113,"column":2}},"40":{"start":{"line":98,"column":37},"end":{"line":112,"column":null}},"41":{"start":{"line":99,"column":2},"end":{"line":111,"column":null}},"42":{"start":{"line":100,"column":21},"end":{"line":100,"column":63}},"43":{"start":{"line":102,"column":3},"end":{"line":105,"column":6}},"44":{"start":{"line":107,"column":18},"end":{"line":107,"column":72}},"45":{"start":{"line":108,"column":3},"end":{"line":108,"column":20}},"46":{"start":{"line":110,"column":3},"end":{"line":110,"column":33}},"47":{"start":{"line":115,"column":0},"end":{"line":141,"column":2}},"48":{"start":{"line":118,"column":37},"end":{"line":140,"column":null}},"49":{"start":{"line":119,"column":2},"end":{"line":139,"column":null}},"50":{"start":{"line":120,"column":14},"end":{"line":120,"column":27}},"51":{"start":{"line":121,"column":20},"end":{"line":121,"column":47}},"52":{"start":{"line":123,"column":3},"end":{"line":127,"column":null}},"53":{"start":{"line":124,"column":19},"end":{"line":124,"column":63}},"54":{"start":{"line":125,"column":7},"end":{"line":125,"column":37}},"55":{"start":{"line":126,"column":7},"end":{"line":126,"column":14}},"56":{"start":{"line":129,"column":6},"end":{"line":129,"column":43}},"57":{"start":{"line":130,"column":3},"end":{"line":133,"column":6}},"58":{"start":{"line":135,"column":18},"end":{"line":135,"column":72}},"59":{"start":{"line":136,"column":3},"end":{"line":136,"column":20}},"60":{"start":{"line":138,"column":3},"end":{"line":138,"column":33}},"61":{"start":{"line":143,"column":0},"end":{"line":143,"column":22}}},"fnMap":{"0":{"name":"(anonymous_8)","decl":{"start":{"line":16,"column":1},"end":{"line":16,"column":7}},"loc":{"start":{"line":16,"column":37},"end":{"line":44,"column":null}}},"1":{"name":"(anonymous_9)","decl":{"start":{"line":16,"column":37},"end":{"line":16,"column":null}},"loc":{"start":{"line":16,"column":37},"end":{"line":44,"column":2}}},"2":{"name":"(anonymous_10)","decl":{"start":{"line":52,"column":1},"end":{"line":52,"column":7}},"loc":{"start":{"line":52,"column":37},"end":{"line":92,"column":null}}},"3":{"name":"(anonymous_11)","decl":{"start":{"line":52,"column":37},"end":{"line":52,"column":null}},"loc":{"start":{"line":52,"column":37},"end":{"line":92,"column":2}}},"4":{"name":"(anonymous_12)","decl":{"start":{"line":98,"column":1},"end":{"line":98,"column":7}},"loc":{"start":{"line":98,"column":37},"end":{"line":112,"column":null}}},"5":{"name":"(anonymous_13)","decl":{"start":{"line":98,"column":37},"end":{"line":98,"column":null}},"loc":{"start":{"line":98,"column":37},"end":{"line":112,"column":2}}},"6":{"name":"(anonymous_14)","decl":{"start":{"line":118,"column":1},"end":{"line":118,"column":7}},"loc":{"start":{"line":118,"column":37},"end":{"line":140,"column":null}}},"7":{"name":"(anonymous_15)","decl":{"start":{"line":118,"column":37},"end":{"line":118,"column":null}},"loc":{"start":{"line":118,"column":37},"end":{"line":140,"column":2}}}},"branchMap":{"0":{"loc":{"start":{"line":62,"column":3},"end":{"line":62,"column":39}},"type":"if","locations":[{"start":{"line":62,"column":3},"end":{"line":62,"column":39}},{"start":{"line":62,"column":3},"end":{"line":62,"column":39}}]},"1":{"loc":{"start":{"line":63,"column":3},"end":{"line":63,"column":42}},"type":"if","locations":[{"start":{"line":63,"column":3},"end":{"line":63,"column":42}},{"start":{"line":63,"column":3},"end":{"line":63,"column":42}}]},"2":{"loc":{"start":{"line":64,"column":3},"end":{"line":64,"column":45}},"type":"if","locations":[{"start":{"line":64,"column":3},"end":{"line":64,"column":45}},{"start":{"line":64,"column":3},"end":{"line":64,"column":45}}]},"3":{"loc":{"start":{"line":68,"column":3},"end":{"line":72,"column":null}},"type":"if","locations":[{"start":{"line":68,"column":3},"end":{"line":72,"column":null}},{"start":{"line":68,"column":3},"end":{"line":72,"column":null}}]},"4":{"loc":{"start":{"line":123,"column":3},"end":{"line":127,"column":null}},"type":"if","locations":[{"start":{"line":123,"column":3},"end":{"line":127,"column":null}},{"start":{"line":123,"column":3},"end":{"line":127,"column":null}}]}},"s":{"0":4,"1":4,"2":4,"3":4,"4":4,"5":4,"6":4,"7":4,"8":4,"9":1,"10":1,"11":1,"12":1,"13":1,"14":1,"15":0,"16":0,"17":0,"18":4,"19":2,"20":2,"21":2,"22":2,"23":2,"24":2,"25":2,"26":2,"27":2,"28":2,"29":2,"30":2,"31":1,"32":1,"33":1,"34":1,"35":1,"36":0,"37":0,"38":0,"39":4,"40":1,"41":1,"42":1,"43":1,"44":0,"45":0,"46":0,"47":4,"48":2,"49":2,"50":2,"51":2,"52":2,"53":1,"54":1,"55":1,"56":1,"57":1,"58":0,"59":0,"60":0,"61":4},"f":{"0":1,"1":1,"2":2,"3":2,"4":1,"5":1,"6":2,"7":2},"b":{"0":[2,0],"1":[2,0],"2":[2,0],"3":[1,1],"4":[1,1]}}
,"/Users/corinanimatujhuitz/Documents/capacitacion/proyecto-final-hospital/backend/src/controllers/user.controller.ts": {"path":"/Users/corinanimatujhuitz/Documents/capacitacion/proyecto-final-hospital/backend/src/controllers/user.controller.ts","statementMap":{"0":{"start":{"line":1,"column":0},"end":{"line":1,"column":52}},"1":{"start":{"line":2,"column":0},"end":{"line":2,"column":30}},"2":{"start":{"line":3,"column":0},"end":{"line":3,"column":31}},"3":{"start":{"line":4,"column":0},"end":{"line":4,"column":28}},"4":{"start":{"line":5,"column":0},"end":{"line":5,"column":34}},"5":{"start":{"line":6,"column":0},"end":{"line":6,"column":53}},"6":{"start":{"line":8,"column":0},"end":{"line":8,"column":74}},"7":{"start":{"line":9,"column":0},"end":{"line":9,"column":58}},"8":{"start":{"line":11,"column":15},"end":{"line":11,"column":23}},"9":{"start":{"line":14,"column":0},"end":{"line":62,"column":2}},"10":{"start":{"line":18,"column":37},"end":{"line":61,"column":null}},"11":{"start":{"line":19,"column":36},"end":{"line":19,"column":44}},"12":{"start":{"line":21,"column":2},"end":{"line":58,"column":null}},"13":{"start":{"line":22,"column":14},"end":{"line":22,"column":43}},"14":{"start":{"line":24,"column":3},"end":{"line":27,"column":null}},"15":{"start":{"line":25,"column":19},"end":{"line":25,"column":64}},"16":{"start":{"line":26,"column":4},"end":{"line":26,"column":34}},"17":{"start":{"line":29,"column":3},"end":{"line":33,"column":6}},"18":{"start":{"line":35,"column":16},"end":{"line":35,"column":40}},"19":{"start":{"line":36,"column":3},"end":{"line":36,"column":54}},"20":{"start":{"line":37,"column":3},"end":{"line":37,"column":21}},"21":{"start":{"line":39,"column":19},"end":{"line":43,"column":5}},"22":{"start":{"line":45,"column":3},"end":{"line":53,"column":6}},"23":{"start":{"line":46,"column":4},"end":{"line":47,"column":15}},"24":{"start":{"line":47,"column":5},"end":{"line":47,"column":15}},"25":{"start":{"line":49,"column":4},"end":{"line":52,"column":7}},"26":{"start":{"line":55,"column":18},"end":{"line":55,"column":56}},"27":{"start":{"line":57,"column":3},"end":{"line":57,"column":33}},"28":{"start":{"line":64,"column":0},"end":{"line":64,"column":22}}},"fnMap":{"0":{"name":"(anonymous_8)","decl":{"start":{"line":18,"column":1},"end":{"line":18,"column":8}},"loc":{"start":{"line":18,"column":37},"end":{"line":61,"column":null}}},"1":{"name":"(anonymous_9)","decl":{"start":{"line":18,"column":37},"end":{"line":18,"column":null}},"loc":{"start":{"line":18,"column":37},"end":{"line":61,"column":2}}},"2":{"name":"(anonymous_10)","decl":{"start":{"line":45,"column":70},"end":{"line":45,"column":71}},"loc":{"start":{"line":45,"column":85},"end":{"line":53,"column":4}}}},"branchMap":{"0":{"loc":{"start":{"line":24,"column":3},"end":{"line":27,"column":null}},"type":"if","locations":[{"start":{"line":24,"column":3},"end":{"line":27,"column":null}},{"start":{"line":24,"column":3},"end":{"line":27,"column":null}}]},"1":{"loc":{"start":{"line":46,"column":4},"end":{"line":47,"column":15}},"type":"if","locations":[{"start":{"line":46,"column":4},"end":{"line":47,"column":15}},{"start":{"line":46,"column":4},"end":{"line":47,"column":15}}]}},"s":{"0":4,"1":4,"2":4,"3":4,"4":4,"5":4,"6":4,"7":4,"8":4,"9":4,"10":3,"11":3,"12":3,"13":3,"14":3,"15":0,"16":0,"17":3,"18":3,"19":3,"20":3,"21":3,"22":3,"23":3,"24":0,"25":3,"26":0,"27":0,"28":4},"f":{"0":3,"1":3,"2":3},"b":{"0":[0,3],"1":[0,3]}}
,"/Users/corinanimatujhuitz/Documents/capacitacion/proyecto-final-hospital/backend/src/middlewares/validator.ts": {"path":"/Users/corinanimatujhuitz/Documents/capacitacion/proyecto-final-hospital/backend/src/middlewares/validator.ts","statementMap":{"0":{"start":{"line":2,"column":0},"end":{"line":2,"column":53}},"1":{"start":{"line":3,"column":0},"end":{"line":3,"column":53}},"2":{"start":{"line":5,"column":26},"end":{"line":15,"column":1}},"3":{"start":{"line":7,"column":15},"end":{"line":7,"column":36}},"4":{"start":{"line":8,"column":1},"end":{"line":10,"column":null}},"5":{"start":{"line":9,"column":2},"end":{"line":9,"column":16}},"6":{"start":{"line":12,"column":13},"end":{"line":12,"column":53}},"7":{"start":{"line":13,"column":1},"end":{"line":13,"column":28}},"8":{"start":{"line":17,"column":0},"end":{"line":17,"column":33}}},"fnMap":{"0":{"name":"(anonymous_0)","decl":{"start":{"line":5,"column":26},"end":{"line":5,"column":27}},"loc":{"start":{"line":5,"column":84},"end":{"line":15,"column":1}}}},"branchMap":{"0":{"loc":{"start":{"line":8,"column":1},"end":{"line":10,"column":null}},"type":"if","locations":[{"start":{"line":8,"column":1},"end":{"line":10,"column":null}},{"start":{"line":8,"column":1},"end":{"line":10,"column":null}}]}},"s":{"0":4,"1":4,"2":4,"3":14,"4":14,"5":12,"6":2,"7":2,"8":4},"f":{"0":14},"b":{"0":[12,2]}}
,"/Users/corinanimatujhuitz/Documents/capacitacion/proyecto-final-hospital/backend/src/middlewares/auth/auth.midd.ts": {"path":"/Users/corinanimatujhuitz/Documents/capacitacion/proyecto-final-hospital/backend/src/middlewares/auth/auth.midd.ts","statementMap":{"0":{"start":{"line":2,"column":0},"end":{"line":2,"column":56}},"1":{"start":{"line":3,"column":0},"end":{"line":3,"column":31}},"2":{"start":{"line":4,"column":0},"end":{"line":4,"column":28}},"3":{"start":{"line":6,"column":19},"end":{"line":25,"column":1}},"4":{"start":{"line":7,"column":15},"end":{"line":7,"column":46}},"5":{"start":{"line":9,"column":1},"end":{"line":13,"column":null}},"6":{"start":{"line":10,"column":17},"end":{"line":10,"column":73}},"7":{"start":{"line":11,"column":2},"end":{"line":11,"column":32}},"8":{"start":{"line":12,"column":2},"end":{"line":12,"column":9}},"9":{"start":{"line":15,"column":1},"end":{"line":24,"column":null}},"10":{"start":{"line":16,"column":23},"end":{"line":16,"column":66}},"11":{"start":{"line":18,"column":2},"end":{"line":18,"column":26}},"12":{"start":{"line":19,"column":2},"end":{"line":19,"column":9}},"13":{"start":{"line":21,"column":17},"end":{"line":21,"column":61}},"14":{"start":{"line":22,"column":2},"end":{"line":22,"column":32}},"15":{"start":{"line":23,"column":2},"end":{"line":23,"column":9}},"16":{"start":{"line":27,"column":0},"end":{"line":27,"column":26}}},"fnMap":{"0":{"name":"(anonymous_1)","decl":{"start":{"line":6,"column":19},"end":{"line":6,"column":20}},"loc":{"start":{"line":6,"column":68},"end":{"line":25,"column":1}}}},"branchMap":{"0":{"loc":{"start":{"line":9,"column":1},"end":{"line":13,"column":null}},"type":"if","locations":[{"start":{"line":9,"column":1},"end":{"line":13,"column":null}},{"start":{"line":9,"column":1},"end":{"line":13,"column":null}}]}},"s":{"0":4,"1":4,"2":4,"3":4,"4":16,"5":16,"6":0,"7":0,"8":0,"9":16,"10":16,"11":16,"12":15,"13":1,"14":1,"15":1,"16":4},"f":{"0":16},"b":{"0":[0,16]}}
,"/Users/corinanimatujhuitz/Documents/capacitacion/proyecto-final-hospital/backend/src/middlewares/validators/auth/auth.validator.ts": {"path":"/Users/corinanimatujhuitz/Documents/capacitacion/proyecto-final-hospital/backend/src/middlewares/validators/auth/auth.validator.ts","statementMap":{"0":{"start":{"line":1,"column":0},"end":{"line":1,"column":39}},"1":{"start":{"line":3,"column":20},"end":{"line":7,"column":2}},"2":{"start":{"line":9,"column":0},"end":{"line":9,"column":27}}},"fnMap":{},"branchMap":{},"s":{"0":4,"1":4,"2":4},"f":{},"b":{}}
,"/Users/corinanimatujhuitz/Documents/capacitacion/proyecto-final-hospital/backend/src/middlewares/validators/doctor/post.validator.ts": {"path":"/Users/corinanimatujhuitz/Documents/capacitacion/proyecto-final-hospital/backend/src/middlewares/validators/doctor/post.validator.ts","statementMap":{"0":{"start":{"line":1,"column":0},"end":{"line":1,"column":41}},"1":{"start":{"line":3,"column":20},"end":{"line":14,"column":2}},"2":{"start":{"line":16,"column":0},"end":{"line":16,"column":null}}},"fnMap":{},"branchMap":{},"s":{"0":4,"1":4,"2":4},"f":{},"b":{}}
,"/Users/corinanimatujhuitz/Documents/capacitacion/proyecto-final-hospital/backend/src/middlewares/validators/doctor/put.validator.ts": {"path":"/Users/corinanimatujhuitz/Documents/capacitacion/proyecto-final-hospital/backend/src/middlewares/validators/doctor/put.validator.ts","statementMap":{"0":{"start":{"line":1,"column":0},"end":{"line":1,"column":39}},"1":{"start":{"line":3,"column":20},"end":{"line":9,"column":2}},"2":{"start":{"line":11,"column":0},"end":{"line":11,"column":27}}},"fnMap":{},"branchMap":{},"s":{"0":4,"1":4,"2":4},"f":{},"b":{}}
,"/Users/corinanimatujhuitz/Documents/capacitacion/proyecto-final-hospital/backend/src/middlewares/validators/hospital/post.validator.ts": {"path":"/Users/corinanimatujhuitz/Documents/capacitacion/proyecto-final-hospital/backend/src/middlewares/validators/hospital/post.validator.ts","statementMap":{"0":{"start":{"line":1,"column":0},"end":{"line":1,"column":41}},"1":{"start":{"line":3,"column":20},"end":{"line":11,"column":2}},"2":{"start":{"line":13,"column":0},"end":{"line":13,"column":null}}},"fnMap":{},"branchMap":{},"s":{"0":4,"1":4,"2":4},"f":{},"b":{}}
,"/Users/corinanimatujhuitz/Documents/capacitacion/proyecto-final-hospital/backend/src/middlewares/validators/hospital/put.validator.ts": {"path":"/Users/corinanimatujhuitz/Documents/capacitacion/proyecto-final-hospital/backend/src/middlewares/validators/hospital/put.validator.ts","statementMap":{"0":{"start":{"line":1,"column":0},"end":{"line":1,"column":39}},"1":{"start":{"line":3,"column":20},"end":{"line":8,"column":2}},"2":{"start":{"line":10,"column":0},"end":{"line":10,"column":27}}},"fnMap":{},"branchMap":{},"s":{"0":4,"1":4,"2":4},"f":{},"b":{}}
,"/Users/corinanimatujhuitz/Documents/capacitacion/proyecto-final-hospital/backend/src/models/doctor.ts": {"path":"/Users/corinanimatujhuitz/Documents/capacitacion/proyecto-final-hospital/backend/src/models/doctor.ts","statementMap":{"0":{"start":{"line":1,"column":0},"end":{"line":1,"column":49}},"1":{"start":{"line":3,"column":21},"end":{"line":32,"column":24}},"2":{"start":{"line":42,"column":0},"end":{"line":42,"column":60}}},"fnMap":{},"branchMap":{},"s":{"0":4,"1":4,"2":4},"f":{},"b":{}}
,"/Users/corinanimatujhuitz/Documents/capacitacion/proyecto-final-hospital/backend/src/models/hospital.ts": {"path":"/Users/corinanimatujhuitz/Documents/capacitacion/proyecto-final-hospital/backend/src/models/hospital.ts","statementMap":{"0":{"start":{"line":1,"column":0},"end":{"line":1,"column":51}},"1":{"start":{"line":3,"column":23},"end":{"line":15,"column":24}},"2":{"start":{"line":23,"column":0},"end":{"line":23,"column":66}}},"fnMap":{},"branchMap":{},"s":{"0":4,"1":4,"2":4},"f":{},"b":{}}
,"/Users/corinanimatujhuitz/Documents/capacitacion/proyecto-final-hospital/backend/src/models/user.ts": {"path":"/Users/corinanimatujhuitz/Documents/capacitacion/proyecto-final-hospital/backend/src/models/user.ts","statementMap":{"0":{"start":{"line":1,"column":0},"end":{"line":1,"column":49}},"1":{"start":{"line":3,"column":19},"end":{"line":18,"column":24}},"2":{"start":{"line":27,"column":0},"end":{"line":27,"column":54}}},"fnMap":{},"branchMap":{},"s":{"0":4,"1":4,"2":4},"f":{},"b":{}}
}
