TN:
SF:src/app.ts
FNF:0
FNH:0
DA:1,4
DA:2,4
DA:3,4
DA:4,4
DA:5,4
DA:7,4
DA:8,4
DA:9,4
DA:10,4
DA:11,4
DA:12,4
DA:14,4
DA:16,4
LF:13
LH:13
BRF:0
BRH:0
end_of_record
TN:
SF:src/error.ts
FN:7,(anonymous_0)
FN:14,(anonymous_1)
FNF:2
FNH:2
FNDA:9,(anonymous_0)
FNDA:9,(anonymous_1)
DA:2,4
DA:4,4
DA:5,9
DA:8,9
DA:9,9
DA:10,9
DA:14,4
DA:19,9
DA:20,9
DA:21,9
LF:10
LH:10
BRDA:25,0,0,2
BRDA:25,0,1,7
BRF:2
BRH:2
end_of_record
TN:
SF:src/routes.ts
FN:8,(anonymous_1)
FNF:1
FNH:1
FNDA:4,(anonymous_1)
DA:2,4
DA:3,4
DA:4,4
DA:5,4
DA:6,4
DA:8,4
DA:9,4
DA:10,4
DA:11,4
DA:12,4
DA:13,4
DA:17,4
LF:12
LH:12
BRF:0
BRH:0
end_of_record
TN:
SF:src/controllers/auth.controller.ts
FN:16,(anonymous_8)
FN:16,(anonymous_9)
FN:34,(anonymous_10)
FN:53,(anonymous_11)
FN:53,(anonymous_12)
FNF:5
FNH:5
FNDA:3,(anonymous_8)
FNDA:3,(anonymous_9)
FNDA:2,(anonymous_10)
FNDA:1,(anonymous_11)
FNDA:1,(anonymous_12)
DA:1,4
DA:2,4
DA:3,4
DA:6,4
DA:7,4
DA:9,4
DA:10,4
DA:11,4
DA:12,4
DA:14,4
DA:16,4
DA:17,3
DA:18,3
DA:20,3
DA:21,3
DA:22,2
DA:23,2
DA:24,1
DA:25,1
DA:28,2
DA:34,2
DA:35,2
DA:36,2
DA:37,2
DA:42,1
DA:43,1
DA:48,0
DA:49,0
DA:53,4
DA:54,1
DA:55,1
DA:57,1
DA:58,1
DA:60,1
DA:65,0
DA:66,0
DA:70,0
DA:71,0
DA:73,0
DA:77,4
LF:40
LH:33
BRDA:21,0,0,2
BRDA:21,0,1,1
BRDA:23,1,0,1
BRDA:23,1,1,1
BRDA:35,2,0,0
BRDA:35,2,1,2
BRDA:55,3,0,0
BRDA:55,3,1,1
BRDA:55,4,0,1
BRDA:55,4,1,1
BRDA:57,5,0,1
BRDA:57,5,1,0
BRF:12
BRH:9
end_of_record
TN:
SF:src/controllers/doctor.controller.ts
FN:16,(anonymous_8)
FN:16,(anonymous_9)
FN:58,(anonymous_10)
FN:58,(anonymous_11)
FN:109,(anonymous_12)
FN:109,(anonymous_13)
FN:129,(anonymous_14)
FN:129,(anonymous_15)
FNF:8
FNH:8
FNDA:1,(anonymous_8)
FNDA:1,(anonymous_9)
FNDA:2,(anonymous_10)
FNDA:2,(anonymous_11)
FNDA:1,(anonymous_12)
FNDA:1,(anonymous_13)
FNDA:2,(anonymous_14)
FNDA:2,(anonymous_15)
DA:1,4
DA:2,4
DA:3,4
DA:4,4
DA:5,4
DA:6,4
DA:7,4
DA:9,4
DA:11,4
DA:16,1
DA:18,1
DA:26,1
DA:28,1
DA:37,1
DA:39,1
DA:45,0
DA:46,0
DA:48,0
DA:53,4
DA:58,2
DA:60,2
DA:68,2
DA:69,2
DA:71,2
DA:72,2
DA:73,2
DA:74,2
DA:75,2
DA:76,2
DA:78,2
DA:80,2
DA:81,1
DA:82,1
DA:83,1
DA:86,1
DA:92,1
DA:98,0
DA:99,0
DA:101,0
DA:106,4
DA:109,1
DA:110,1
DA:111,1
DA:113,1
DA:118,0
DA:119,0
DA:121,0
DA:126,4
DA:129,2
DA:130,2
DA:131,2
DA:132,2
DA:133,2
DA:134,1
DA:135,1
DA:136,1
DA:139,1
DA:140,1
DA:145,0
DA:146,0
DA:148,0
DA:153,4
LF:62
LH:50
BRDA:71,0,0,2
BRDA:71,0,1,0
BRDA:72,1,0,2
BRDA:72,1,1,0
BRDA:73,2,0,2
BRDA:73,2,1,0
BRDA:74,3,0,2
BRDA:74,3,1,0
BRDA:75,4,0,2
BRDA:75,4,1,0
BRDA:76,5,0,2
BRDA:76,5,1,0
BRDA:80,6,0,1
BRDA:80,6,1,1
BRDA:133,7,0,1
BRDA:133,7,1,1
BRF:16
BRH:10
end_of_record
TN:
SF:src/controllers/health.controller.ts
FN:7,(anonymous_1)
FNF:1
FNH:1
FNDA:1,(anonymous_1)
DA:1,4
DA:2,4
DA:4,4
DA:5,4
DA:7,4
DA:8,1
DA:15,4
LF:7
LH:7
BRF:0
BRH:0
end_of_record
TN:
SF:src/controllers/hospital.controller.ts
FN:16,(anonymous_8)
FN:16,(anonymous_9)
FN:52,(anonymous_10)
FN:52,(anonymous_11)
FN:98,(anonymous_12)
FN:98,(anonymous_13)
FN:118,(anonymous_14)
FN:118,(anonymous_15)
FNF:8
FNH:8
FNDA:1,(anonymous_8)
FNDA:1,(anonymous_9)
FNDA:2,(anonymous_10)
FNDA:2,(anonymous_11)
FNDA:1,(anonymous_12)
FNDA:1,(anonymous_13)
FNDA:2,(anonymous_14)
FNDA:2,(anonymous_15)
DA:1,4
DA:2,4
DA:3,4
DA:4,4
DA:5,4
DA:6,4
DA:7,4
DA:9,4
DA:11,4
DA:16,1
DA:18,1
DA:23,1
DA:25,1
DA:31,1
DA:33,1
DA:39,0
DA:40,0
DA:42,0
DA:47,4
DA:52,2
DA:54,2
DA:59,2
DA:60,2
DA:62,2
DA:63,2
DA:64,2
DA:66,2
DA:68,2
DA:69,1
DA:70,1
DA:71,1
DA:75,1
DA:81,1
DA:87,0
DA:88,0
DA:90,0
DA:95,4
DA:98,1
DA:99,1
DA:100,1
DA:102,1
DA:107,0
DA:108,0
DA:110,0
DA:115,4
DA:118,2
DA:119,2
DA:120,2
DA:121,2
DA:123,2
DA:124,1
DA:125,1
DA:126,1
DA:129,1
DA:130,1
DA:135,0
DA:136,0
DA:138,0
DA:143,4
LF:59
LH:47
BRDA:62,0,0,2
BRDA:62,0,1,0
BRDA:63,1,0,2
BRDA:63,1,1,0
BRDA:64,2,0,2
BRDA:64,2,1,0
BRDA:68,3,0,1
BRDA:68,3,1,1
BRDA:123,4,0,1
BRDA:123,4,1,1
BRF:10
BRH:7
end_of_record
TN:
SF:src/controllers/user.controller.ts
FN:18,(anonymous_8)
FN:18,(anonymous_9)
FN:45,(anonymous_10)
FNF:3
FNH:3
FNDA:3,(anonymous_8)
FNDA:3,(anonymous_9)
FNDA:3,(anonymous_10)
DA:1,4
DA:2,4
DA:3,4
DA:4,4
DA:5,4
DA:6,4
DA:8,4
DA:9,4
DA:11,4
DA:14,4
DA:18,3
DA:19,3
DA:21,3
DA:22,3
DA:24,3
DA:25,0
DA:26,0
DA:29,3
DA:35,3
DA:36,3
DA:37,3
DA:39,3
DA:45,3
DA:46,3
DA:47,0
DA:49,3
DA:55,0
DA:57,0
DA:64,4
LF:29
LH:24
BRDA:24,0,0,0
BRDA:24,0,1,3
BRDA:46,1,0,0
BRDA:46,1,1,3
BRF:4
BRH:2
end_of_record
TN:
SF:src/middlewares/validator.ts
FN:5,(anonymous_0)
FNF:1
FNH:1
FNDA:14,(anonymous_0)
DA:2,4
DA:3,4
DA:5,4
DA:7,14
DA:8,14
DA:9,12
DA:12,2
DA:13,2
DA:17,4
LF:9
LH:9
BRDA:8,0,0,12
BRDA:8,0,1,2
BRF:2
BRH:2
end_of_record
TN:
SF:src/middlewares/auth/auth.midd.ts
FN:6,(anonymous_1)
FNF:1
FNH:1
FNDA:16,(anonymous_1)
DA:2,4
DA:3,4
DA:4,4
DA:6,4
DA:7,16
DA:9,16
DA:10,0
DA:11,0
DA:12,0
DA:15,16
DA:16,16
DA:18,16
DA:19,15
DA:21,1
DA:22,1
DA:23,1
DA:27,4
LF:17
LH:14
BRDA:9,0,0,0
BRDA:9,0,1,16
BRF:2
BRH:1
end_of_record
TN:
SF:src/middlewares/validators/auth/auth.validator.ts
FNF:0
FNH:0
DA:1,4
DA:3,4
DA:9,4
LF:3
LH:3
BRF:0
BRH:0
end_of_record
TN:
SF:src/middlewares/validators/doctor/post.validator.ts
FNF:0
FNH:0
DA:1,4
DA:3,4
DA:16,4
LF:3
LH:3
BRF:0
BRH:0
end_of_record
TN:
SF:src/middlewares/validators/doctor/put.validator.ts
FNF:0
FNH:0
DA:1,4
DA:3,4
DA:11,4
LF:3
LH:3
BRF:0
BRH:0
end_of_record
TN:
SF:src/middlewares/validators/hospital/post.validator.ts
FNF:0
FNH:0
DA:1,4
DA:3,4
DA:13,4
LF:3
LH:3
BRF:0
BRH:0
end_of_record
TN:
SF:src/middlewares/validators/hospital/put.validator.ts
FNF:0
FNH:0
DA:1,4
DA:3,4
DA:10,4
LF:3
LH:3
BRF:0
BRH:0
end_of_record
TN:
SF:src/models/doctor.ts
FNF:0
FNH:0
DA:1,4
DA:3,4
DA:42,4
LF:3
LH:3
BRF:0
BRH:0
end_of_record
TN:
SF:src/models/hospital.ts
FNF:0
FNH:0
DA:1,4
DA:3,4
DA:23,4
LF:3
LH:3
BRF:0
BRH:0
end_of_record
TN:
SF:src/models/user.ts
FNF:0
FNH:0
DA:1,4
DA:3,4
DA:27,4
LF:3
LH:3
BRF:0
BRH:0
end_of_record
